[INFO ] 2022-02-24 02:59:53.483 [main] Application - Starting Application using Java 1.8.0_231 on PPBNOMBPBT-251.local with PID 9087 (/Users/swarnav.das/Documents/Paytm Internship/Training Assignments/4_Milestone2/target/classes started by swarnav.das in /Users/swarnav.das/Documents/Paytm Internship/Training Assignments/4_Milestone2)
[DEBUG] 2022-02-24 02:59:53.488 [main] Application - Running with Spring Boot v2.6.2, Spring v5.3.14
[INFO ] 2022-02-24 02:59:53.488 [main] Application - No active profile set, falling back to default profiles: default
[DEBUG] 2022-02-24 02:59:59.541 [main] JwtRequestFilter - Filter 'jwtRequestFilter' configured for use
[INFO ] 2022-02-24 03:00:54.184 [main] Application - Starting Application using Java 1.8.0_231 on PPBNOMBPBT-251.local with PID 9156 (/Users/swarnav.das/Documents/Paytm Internship/Training Assignments/4_Milestone2/target/classes started by swarnav.das in /Users/swarnav.das/Documents/Paytm Internship/Training Assignments/4_Milestone2)
[DEBUG] 2022-02-24 03:00:54.189 [main] Application - Running with Spring Boot v2.6.2, Spring v5.3.14
[INFO ] 2022-02-24 03:00:54.189 [main] Application - No active profile set, falling back to default profiles: default
[DEBUG] 2022-02-24 03:01:00.267 [main] JwtRequestFilter - Filter 'jwtRequestFilter' configured for use
[INFO ] 2022-02-24 03:01:47.149 [main] Application - Starting Application using Java 1.8.0_231 on PPBNOMBPBT-251.local with PID 9213 (/Users/swarnav.das/Documents/Paytm Internship/Training Assignments/4_Milestone2/target/classes started by swarnav.das in /Users/swarnav.das/Documents/Paytm Internship/Training Assignments/4_Milestone2)
[DEBUG] 2022-02-24 03:01:47.155 [main] Application - Running with Spring Boot v2.6.2, Spring v5.3.14
[INFO ] 2022-02-24 03:01:47.155 [main] Application - No active profile set, falling back to default profiles: default
[DEBUG] 2022-02-24 03:01:53.304 [main] JwtRequestFilter - Filter 'jwtRequestFilter' configured for use
[INFO ] 2022-02-24 03:02:51.915 [main] Application - Starting Application using Java 1.8.0_231 on PPBNOMBPBT-251.local with PID 9282 (/Users/swarnav.das/Documents/Paytm Internship/Training Assignments/4_Milestone2/target/classes started by swarnav.das in /Users/swarnav.das/Documents/Paytm Internship/Training Assignments/4_Milestone2)
[DEBUG] 2022-02-24 03:02:51.920 [main] Application - Running with Spring Boot v2.6.2, Spring v5.3.14
[INFO ] 2022-02-24 03:02:51.920 [main] Application - No active profile set, falling back to default profiles: default
[DEBUG] 2022-02-24 03:02:57.953 [main] JwtRequestFilter - Filter 'jwtRequestFilter' configured for use
[INFO ] 2022-02-24 03:05:13.639 [main] Application - Starting Application using Java 1.8.0_231 on PPBNOMBPBT-251.local with PID 9441 (/Users/swarnav.das/Documents/Paytm Internship/Training Assignments/4_Milestone2/target/classes started by swarnav.das in /Users/swarnav.das/Documents/Paytm Internship/Training Assignments/4_Milestone2)
[DEBUG] 2022-02-24 03:05:13.646 [main] Application - Running with Spring Boot v2.6.2, Spring v5.3.14
[INFO ] 2022-02-24 03:05:13.646 [main] Application - No active profile set, falling back to default profiles: default
[DEBUG] 2022-02-24 03:05:19.350 [main] JwtRequestFilter - Filter 'jwtRequestFilter' configured for use
[INFO ] 2022-02-24 03:05:21.548 [main] Application - Started Application in 8.475 seconds (JVM running for 9.913)
[INFO ] 2022-02-24 03:07:06.322 [main] Application - Starting Application using Java 1.8.0_231 on PPBNOMBPBT-251.local with PID 9579 (/Users/swarnav.das/Documents/Paytm Internship/Training Assignments/4_Milestone2/target/classes started by swarnav.das in /Users/swarnav.das/Documents/Paytm Internship/Training Assignments/4_Milestone2)
[DEBUG] 2022-02-24 03:07:06.325 [main] Application - Running with Spring Boot v2.6.2, Spring v5.3.14
[INFO ] 2022-02-24 03:07:06.326 [main] Application - No active profile set, falling back to default profiles: default
[DEBUG] 2022-02-24 03:07:12.000 [main] JwtRequestFilter - Filter 'jwtRequestFilter' configured for use
[INFO ] 2022-02-24 03:07:13.987 [main] Application - Started Application in 8.167 seconds (JVM running for 9.246)
[INFO ] 2022-02-24 03:08:10.382 [main] Application - Starting Application using Java 1.8.0_231 on PPBNOMBPBT-251.local with PID 9637 (/Users/swarnav.das/Documents/Paytm Internship/Training Assignments/4_Milestone2/target/classes started by swarnav.das in /Users/swarnav.das/Documents/Paytm Internship/Training Assignments/4_Milestone2)
[DEBUG] 2022-02-24 03:08:10.392 [main] Application - Running with Spring Boot v2.6.2, Spring v5.3.14
[INFO ] 2022-02-24 03:08:10.392 [main] Application - No active profile set, falling back to default profiles: default
[DEBUG] 2022-02-24 03:08:16.057 [main] JwtRequestFilter - Filter 'jwtRequestFilter' configured for use
[INFO ] 2022-02-24 03:08:18.122 [main] Application - Started Application in 8.382 seconds (JVM running for 9.805)
[INFO ] 2022-02-24 03:11:40.198 [main] Application - Starting Application using Java 1.8.0_231 on PPBNOMBPBT-251.local with PID 9815 (/Users/swarnav.das/Documents/Paytm Internship/Training Assignments/4_Milestone2/target/classes started by swarnav.das in /Users/swarnav.das/Documents/Paytm Internship/Training Assignments/4_Milestone2)
[DEBUG] 2022-02-24 03:11:40.202 [main] Application - Running with Spring Boot v2.6.2, Spring v5.3.14
[INFO ] 2022-02-24 03:11:40.202 [main] Application - No active profile set, falling back to default profiles: default
[DEBUG] 2022-02-24 03:11:45.876 [main] JwtRequestFilter - Filter 'jwtRequestFilter' configured for use
[INFO ] 2022-02-24 03:11:47.805 [main] Application - Started Application in 8.115 seconds (JVM running for 9.556)
[INFO ] 2022-02-24 03:59:03.969 [main] Application - Starting Application using Java 1.8.0_231 on PPBNOMBPBT-251.local with PID 12397 (/Users/swarnav.das/Documents/Paytm Internship/Training Assignments/4_Milestone2/target/classes started by swarnav.das in /Users/swarnav.das/Documents/Paytm Internship/Training Assignments/4_Milestone2)
[DEBUG] 2022-02-24 03:59:03.973 [main] Application - Running with Spring Boot v2.6.2, Spring v5.3.14
[INFO ] 2022-02-24 03:59:03.974 [main] Application - No active profile set, falling back to default profiles: default
[DEBUG] 2022-02-24 03:59:10.096 [main] JwtRequestFilter - Filter 'jwtRequestFilter' configured for use
[INFO ] 2022-02-24 04:02:57.017 [main] Application - Starting Application using Java 1.8.0_231 on PPBNOMBPBT-251.local with PID 12637 (/Users/swarnav.das/Documents/Paytm Internship/Training Assignments/4_Milestone2/target/classes started by swarnav.das in /Users/swarnav.das/Documents/Paytm Internship/Training Assignments/4_Milestone2)
[DEBUG] 2022-02-24 04:02:57.022 [main] Application - Running with Spring Boot v2.6.2, Spring v5.3.14
[INFO ] 2022-02-24 04:02:57.022 [main] Application - No active profile set, falling back to default profiles: default
[DEBUG] 2022-02-24 04:03:03.286 [main] JwtRequestFilter - Filter 'jwtRequestFilter' configured for use
[INFO ] 2022-02-24 16:00:55.107 [main] Application - Starting Application using Java 1.8.0_231 on PPBNOMBPBT-251.local with PID 2168 (/Users/swarnav.das/Documents/Paytm Internship/Training Assignments/4_Milestone2/target/classes started by swarnav.das in /Users/swarnav.das/Documents/Paytm Internship/Training Assignments/4_Milestone2)
[DEBUG] 2022-02-24 16:00:55.112 [main] Application - Running with Spring Boot v2.6.2, Spring v5.3.14
[INFO ] 2022-02-24 16:00:55.112 [main] Application - No active profile set, falling back to default profiles: default
[DEBUG] 2022-02-24 16:01:01.476 [main] JwtRequestFilter - Filter 'jwtRequestFilter' configured for use
[INFO ] 2022-02-24 16:02:13.281 [main] Application - Starting Application using Java 1.8.0_231 on PPBNOMBPBT-251.local with PID 2321 (/Users/swarnav.das/Documents/Paytm Internship/Training Assignments/4_Milestone2/target/classes started by swarnav.das in /Users/swarnav.das/Documents/Paytm Internship/Training Assignments/4_Milestone2)
[DEBUG] 2022-02-24 16:02:13.286 [main] Application - Running with Spring Boot v2.6.2, Spring v5.3.14
[INFO ] 2022-02-24 16:02:13.286 [main] Application - No active profile set, falling back to default profiles: default
[DEBUG] 2022-02-24 16:02:19.499 [main] JwtRequestFilter - Filter 'jwtRequestFilter' configured for use
[INFO ] 2022-02-24 16:06:12.449 [main] Application - Starting Application using Java 1.8.0_231 on PPBNOMBPBT-251.local with PID 2748 (/Users/swarnav.das/Documents/Paytm Internship/Training Assignments/4_Milestone2/target/classes started by swarnav.das in /Users/swarnav.das/Documents/Paytm Internship/Training Assignments/4_Milestone2)
[DEBUG] 2022-02-24 16:06:12.455 [main] Application - Running with Spring Boot v2.6.2, Spring v5.3.14
[INFO ] 2022-02-24 16:06:12.455 [main] Application - No active profile set, falling back to default profiles: default
[DEBUG] 2022-02-24 16:06:18.584 [main] JwtRequestFilter - Filter 'jwtRequestFilter' configured for use
[INFO ] 2022-02-24 16:12:45.580 [main] Application - Starting Application using Java 1.8.0_231 on PPBNOMBPBT-251.local with PID 3058 (/Users/swarnav.das/Documents/Paytm Internship/Training Assignments/4_Milestone2/target/classes started by swarnav.das in /Users/swarnav.das/Documents/Paytm Internship/Training Assignments/4_Milestone2)
[DEBUG] 2022-02-24 16:12:45.585 [main] Application - Running with Spring Boot v2.6.2, Spring v5.3.14
[INFO ] 2022-02-24 16:12:45.586 [main] Application - No active profile set, falling back to default profiles: default
[DEBUG] 2022-02-24 16:12:51.538 [main] JwtRequestFilter - Filter 'jwtRequestFilter' configured for use
[INFO ] 2022-02-24 16:13:53.168 [main] Application - Starting Application using Java 1.8.0_231 on PPBNOMBPBT-251.local with PID 3122 (/Users/swarnav.das/Documents/Paytm Internship/Training Assignments/4_Milestone2/target/classes started by swarnav.das in /Users/swarnav.das/Documents/Paytm Internship/Training Assignments/4_Milestone2)
[DEBUG] 2022-02-24 16:13:53.175 [main] Application - Running with Spring Boot v2.6.2, Spring v5.3.14
[INFO ] 2022-02-24 16:13:53.175 [main] Application - No active profile set, falling back to default profiles: default
[DEBUG] 2022-02-24 16:13:59.243 [main] JwtRequestFilter - Filter 'jwtRequestFilter' configured for use
[INFO ] 2022-02-24 16:15:35.942 [main] Application - Starting Application using Java 1.8.0_231 on PPBNOMBPBT-251.local with PID 3222 (/Users/swarnav.das/Documents/Paytm Internship/Training Assignments/4_Milestone2/target/classes started by swarnav.das in /Users/swarnav.das/Documents/Paytm Internship/Training Assignments/4_Milestone2)
[DEBUG] 2022-02-24 16:15:35.946 [main] Application - Running with Spring Boot v2.6.2, Spring v5.3.14
[INFO ] 2022-02-24 16:15:35.946 [main] Application - No active profile set, falling back to default profiles: default
[DEBUG] 2022-02-24 16:15:42.024 [main] JwtRequestFilter - Filter 'jwtRequestFilter' configured for use
[INFO ] 2022-02-24 16:15:45.409 [main] Application - Started Application in 9.976 seconds (JVM running for 11.291)
[INFO ] 2022-02-24 16:23:27.431 [main] Application - Starting Application using Java 1.8.0_231 on PPBNOMBPBT-251.local with PID 3592 (/Users/swarnav.das/Documents/Paytm Internship/Training Assignments/4_Milestone2/target/classes started by swarnav.das in /Users/swarnav.das/Documents/Paytm Internship/Training Assignments/4_Milestone2)
[DEBUG] 2022-02-24 16:23:27.435 [main] Application - Running with Spring Boot v2.6.2, Spring v5.3.14
[INFO ] 2022-02-24 16:23:27.435 [main] Application - No active profile set, falling back to default profiles: default
[DEBUG] 2022-02-24 16:23:33.630 [main] JwtRequestFilter - Filter 'jwtRequestFilter' configured for use
[INFO ] 2022-02-24 16:23:37.149 [main] Application - Started Application in 10.23 seconds (JVM running for 11.359)
[DEBUG] 2022-02-24 16:28:13.831 [http-nio-9010-exec-7] UserService - Signup complete
[INFO ] 2022-02-24 16:28:13.832 [http-nio-9010-exec-7] UserService - signup details. username = Sd099 mobile number = 9876543210
[DEBUG] 2022-02-24 16:28:45.792 [http-nio-9010-exec-8] UserService - Email = sondoe@gmail.com already exist. Different email required
[DEBUG] 2022-02-24 16:28:53.635 [http-nio-9010-exec-10] UserService - Signup complete
[INFO ] 2022-02-24 16:28:53.636 [http-nio-9010-exec-10] UserService - signup details. username = Jd099 mobile number = 0123456789
[DEBUG] 2022-02-24 16:29:03.210 [http-nio-9010-exec-1] UserService - Sign in complete
[INFO ] 2022-02-24 16:29:03.211 [http-nio-9010-exec-1] UserService - sign in details. Username = Jd099
[ERROR] 2022-02-24 16:29:24.832 [http-nio-9010-exec-2] UserService - Unauthorized user error
[DEBUG] 2022-02-24 16:29:45.892 [http-nio-9010-exec-4] UserService - Sign in complete
[INFO ] 2022-02-24 16:29:45.892 [http-nio-9010-exec-4] UserService - sign in details. Username = Jd099
[ERROR] 2022-02-24 16:30:02.022 [http-nio-9010-exec-5] UserService - Unauthorized user error
[DEBUG] 2022-02-24 16:30:14.638 [http-nio-9010-exec-7] UserService - Wallet creation successfull
[INFO ] 2022-02-24 16:30:14.638 [http-nio-9010-exec-7] UserService - Wallet creation details. Mobile number = 0123456789
[DEBUG] 2022-02-24 16:30:34.203 [http-nio-9010-exec-8] UserService - Username = Sd099 already exist. Different username required.
[DEBUG] 2022-02-24 16:31:19.377 [http-nio-9010-exec-9] UserService - Sign in complete
[INFO ] 2022-02-24 16:31:19.377 [http-nio-9010-exec-9] UserService - sign in details. Username = Sd099
[DEBUG] 2022-02-24 16:34:11.771 [http-nio-9010-exec-3] UserService - Sign in complete
[INFO ] 2022-02-24 16:34:11.772 [http-nio-9010-exec-3] UserService - sign in details. Username = Sd099
[DEBUG] 2022-02-24 16:34:25.317 [http-nio-9010-exec-5] UserService - Wallet creation successfull
[INFO ] 2022-02-24 16:34:25.317 [http-nio-9010-exec-5] UserService - Wallet creation details. Mobile number = 9876543210
[DEBUG] 2022-02-24 16:34:30.985 [http-nio-9010-exec-6] UserService - Money added successfully
[INFO ] 2022-02-24 16:34:30.985 [http-nio-9010-exec-6] UserService - Details. username = Sd099 mobile number = 9876543210 new balance = 5000.0
[INFO ] 2022-02-24 18:18:02.388 [main] Application - Starting Application using Java 1.8.0_231 on PPBNOMBPBT-251.local with PID 5763 (/Users/swarnav.das/Documents/Paytm Internship/Training Assignments/4_Milestone2/target/classes started by swarnav.das in /Users/swarnav.das/Documents/Paytm Internship/Training Assignments/4_Milestone2)
[DEBUG] 2022-02-24 18:18:02.393 [main] Application - Running with Spring Boot v2.6.2, Spring v5.3.14
[INFO ] 2022-02-24 18:18:02.393 [main] Application - No active profile set, falling back to default profiles: default
[DEBUG] 2022-02-24 18:18:08.850 [main] JwtRequestFilter - Filter 'jwtRequestFilter' configured for use
[INFO ] 2022-02-24 18:18:12.392 [main] Application - Started Application in 10.59 seconds (JVM running for 11.99)
[INFO ] 2022-02-24 18:19:41.633 [main] Application - Starting Application using Java 1.8.0_231 on PPBNOMBPBT-251.local with PID 5886 (/Users/swarnav.das/Documents/Paytm Internship/Training Assignments/4_Milestone2/target/classes started by swarnav.das in /Users/swarnav.das/Documents/Paytm Internship/Training Assignments/4_Milestone2)
[DEBUG] 2022-02-24 18:19:41.638 [main] Application - Running with Spring Boot v2.6.2, Spring v5.3.14
[INFO ] 2022-02-24 18:19:41.639 [main] Application - No active profile set, falling back to default profiles: default
[DEBUG] 2022-02-24 18:19:47.855 [main] JwtRequestFilter - Filter 'jwtRequestFilter' configured for use
[INFO ] 2022-02-24 18:19:51.333 [main] Application - Started Application in 10.25 seconds (JVM running for 11.383)
[INFO ] 2022-02-24 18:20:29.400 [main] Application - Starting Application using Java 1.8.0_231 on PPBNOMBPBT-251.local with PID 5933 (/Users/swarnav.das/Documents/Paytm Internship/Training Assignments/4_Milestone2/target/classes started by swarnav.das in /Users/swarnav.das/Documents/Paytm Internship/Training Assignments/4_Milestone2)
[DEBUG] 2022-02-24 18:20:29.404 [main] Application - Running with Spring Boot v2.6.2, Spring v5.3.14
[INFO ] 2022-02-24 18:20:29.404 [main] Application - No active profile set, falling back to default profiles: default
[DEBUG] 2022-02-24 18:20:35.763 [main] JwtRequestFilter - Filter 'jwtRequestFilter' configured for use
[INFO ] 2022-02-24 18:20:39.330 [main] Application - Started Application in 10.419 seconds (JVM running for 11.554)
[INFO ] 2022-02-24 18:25:14.304 [main] Application - Starting Application using Java 1.8.0_231 on PPBNOMBPBT-251.local with PID 6240 (/Users/swarnav.das/Documents/Paytm Internship/Training Assignments/4_Milestone2/target/classes started by swarnav.das in /Users/swarnav.das/Documents/Paytm Internship/Training Assignments/4_Milestone2)
[DEBUG] 2022-02-24 18:25:14.308 [main] Application - Running with Spring Boot v2.6.2, Spring v5.3.14
[INFO ] 2022-02-24 18:25:14.308 [main] Application - No active profile set, falling back to default profiles: default
[DEBUG] 2022-02-24 18:25:20.439 [main] JwtRequestFilter - Filter 'jwtRequestFilter' configured for use
[INFO ] 2022-02-24 18:25:24.001 [main] Application - Started Application in 10.2 seconds (JVM running for 11.378)
[INFO ] 2022-02-24 18:26:36.278 [main] Application - Starting Application using Java 1.8.0_231 on PPBNOMBPBT-251.local with PID 6315 (/Users/swarnav.das/Documents/Paytm Internship/Training Assignments/4_Milestone2/target/classes started by swarnav.das in /Users/swarnav.das/Documents/Paytm Internship/Training Assignments/4_Milestone2)
[DEBUG] 2022-02-24 18:26:36.282 [main] Application - Running with Spring Boot v2.6.2, Spring v5.3.14
[INFO ] 2022-02-24 18:26:36.283 [main] Application - No active profile set, falling back to default profiles: default
[DEBUG] 2022-02-24 18:26:42.493 [main] JwtRequestFilter - Filter 'jwtRequestFilter' configured for use
[INFO ] 2022-02-24 18:26:45.929 [main] Application - Started Application in 10.161 seconds (JVM running for 11.272)
[INFO ] 2022-02-24 18:27:38.824 [main] Application - Starting Application using Java 1.8.0_231 on PPBNOMBPBT-251.local with PID 6380 (/Users/swarnav.das/Documents/Paytm Internship/Training Assignments/4_Milestone2/target/classes started by swarnav.das in /Users/swarnav.das/Documents/Paytm Internship/Training Assignments/4_Milestone2)
[DEBUG] 2022-02-24 18:27:38.828 [main] Application - Running with Spring Boot v2.6.2, Spring v5.3.14
[INFO ] 2022-02-24 18:27:38.828 [main] Application - No active profile set, falling back to default profiles: default
[DEBUG] 2022-02-24 18:27:45.100 [main] JwtRequestFilter - Filter 'jwtRequestFilter' configured for use
[INFO ] 2022-02-24 18:27:48.513 [main] Application - Started Application in 10.218 seconds (JVM running for 11.324)
[INFO ] 2022-02-24 18:29:08.160 [main] Application - Starting Application using Java 1.8.0_231 on PPBNOMBPBT-251.local with PID 6463 (/Users/swarnav.das/Documents/Paytm Internship/Training Assignments/4_Milestone2/target/classes started by swarnav.das in /Users/swarnav.das/Documents/Paytm Internship/Training Assignments/4_Milestone2)
[DEBUG] 2022-02-24 18:29:08.166 [main] Application - Running with Spring Boot v2.6.2, Spring v5.3.14
[INFO ] 2022-02-24 18:29:08.166 [main] Application - No active profile set, falling back to default profiles: default
[DEBUG] 2022-02-24 18:29:14.331 [main] JwtRequestFilter - Filter 'jwtRequestFilter' configured for use
[INFO ] 2022-02-24 18:29:17.879 [main] Application - Started Application in 10.222 seconds (JVM running for 11.321)
[INFO ] 2022-02-24 18:29:57.406 [main] Application - Starting Application using Java 1.8.0_231 on PPBNOMBPBT-251.local with PID 6500 (/Users/swarnav.das/Documents/Paytm Internship/Training Assignments/4_Milestone2/target/classes started by swarnav.das in /Users/swarnav.das/Documents/Paytm Internship/Training Assignments/4_Milestone2)
[DEBUG] 2022-02-24 18:29:57.410 [main] Application - Running with Spring Boot v2.6.2, Spring v5.3.14
[INFO ] 2022-02-24 18:29:57.410 [main] Application - No active profile set, falling back to default profiles: default
[DEBUG] 2022-02-24 18:30:03.682 [main] JwtRequestFilter - Filter 'jwtRequestFilter' configured for use
[INFO ] 2022-02-24 18:30:07.910 [main] Application - Started Application in 11.023 seconds (JVM running for 12.136)
[INFO ] 2022-02-24 18:30:54.748 [main] Application - Starting Application using Java 1.8.0_231 on PPBNOMBPBT-251.local with PID 6559 (/Users/swarnav.das/Documents/Paytm Internship/Training Assignments/4_Milestone2/target/classes started by swarnav.das in /Users/swarnav.das/Documents/Paytm Internship/Training Assignments/4_Milestone2)
[DEBUG] 2022-02-24 18:30:54.755 [main] Application - Running with Spring Boot v2.6.2, Spring v5.3.14
[INFO ] 2022-02-24 18:30:54.756 [main] Application - No active profile set, falling back to default profiles: default
[DEBUG] 2022-02-24 18:31:00.978 [main] JwtRequestFilter - Filter 'jwtRequestFilter' configured for use
[INFO ] 2022-02-24 18:31:04.603 [main] Application - Started Application in 10.449 seconds (JVM running for 11.617)
[INFO ] 2022-02-24 18:44:23.355 [main] Application - Starting Application using Java 1.8.0_231 on PPBNOMBPBT-251.local with PID 7258 (/Users/swarnav.das/Documents/Paytm Internship/Training Assignments/4_Milestone2/target/classes started by swarnav.das in /Users/swarnav.das/Documents/Paytm Internship/Training Assignments/4_Milestone2)
[DEBUG] 2022-02-24 18:44:23.360 [main] Application - Running with Spring Boot v2.6.2, Spring v5.3.14
[INFO ] 2022-02-24 18:44:23.360 [main] Application - No active profile set, falling back to default profiles: default
[DEBUG] 2022-02-24 18:44:29.603 [main] JwtRequestFilter - Filter 'jwtRequestFilter' configured for use
[INFO ] 2022-02-24 18:44:32.989 [main] Application - Started Application in 10.154 seconds (JVM running for 11.563)
[INFO ] 2022-02-24 18:45:20.489 [main] Application - Starting Application using Java 1.8.0_231 on PPBNOMBPBT-251.local with PID 7315 (/Users/swarnav.das/Documents/Paytm Internship/Training Assignments/4_Milestone2/target/classes started by swarnav.das in /Users/swarnav.das/Documents/Paytm Internship/Training Assignments/4_Milestone2)
[DEBUG] 2022-02-24 18:45:20.494 [main] Application - Running with Spring Boot v2.6.2, Spring v5.3.14
[INFO ] 2022-02-24 18:45:20.494 [main] Application - No active profile set, falling back to default profiles: default
[DEBUG] 2022-02-24 18:45:26.850 [main] JwtRequestFilter - Filter 'jwtRequestFilter' configured for use
[INFO ] 2022-02-24 18:45:30.688 [main] Application - Started Application in 10.704 seconds (JVM running for 11.797)
[INFO ] 2022-02-24 18:47:59.478 [main] Application - Starting Application using Java 1.8.0_231 on PPBNOMBPBT-251.local with PID 7432 (/Users/swarnav.das/Documents/Paytm Internship/Training Assignments/4_Milestone2/target/classes started by swarnav.das in /Users/swarnav.das/Documents/Paytm Internship/Training Assignments/4_Milestone2)
[DEBUG] 2022-02-24 18:47:59.481 [main] Application - Running with Spring Boot v2.6.2, Spring v5.3.14
[INFO ] 2022-02-24 18:47:59.482 [main] Application - No active profile set, falling back to default profiles: default
[DEBUG] 2022-02-24 18:48:05.882 [main] JwtRequestFilter - Filter 'jwtRequestFilter' configured for use
[INFO ] 2022-02-24 18:48:09.057 [main] Application - Started Application in 10.088 seconds (JVM running for 11.192)
[INFO ] 2022-02-24 18:49:29.081 [main] Application - Starting Application using Java 1.8.0_231 on PPBNOMBPBT-251.local with PID 7508 (/Users/swarnav.das/Documents/Paytm Internship/Training Assignments/4_Milestone2/target/classes started by swarnav.das in /Users/swarnav.das/Documents/Paytm Internship/Training Assignments/4_Milestone2)
[DEBUG] 2022-02-24 18:49:29.084 [main] Application - Running with Spring Boot v2.6.2, Spring v5.3.14
[INFO ] 2022-02-24 18:49:29.084 [main] Application - No active profile set, falling back to default profiles: default
[DEBUG] 2022-02-24 18:49:35.191 [main] JwtRequestFilter - Filter 'jwtRequestFilter' configured for use
[INFO ] 2022-02-24 18:49:38.508 [main] Application - Started Application in 9.937 seconds (JVM running for 11.027)
[INFO ] 2022-02-24 18:51:47.881 [main] Application - Starting Application using Java 1.8.0_231 on PPBNOMBPBT-251.local with PID 7623 (/Users/swarnav.das/Documents/Paytm Internship/Training Assignments/4_Milestone2/target/classes started by swarnav.das in /Users/swarnav.das/Documents/Paytm Internship/Training Assignments/4_Milestone2)
[DEBUG] 2022-02-24 18:51:47.885 [main] Application - Running with Spring Boot v2.6.2, Spring v5.3.14
[INFO ] 2022-02-24 18:51:47.886 [main] Application - No active profile set, falling back to default profiles: default
[DEBUG] 2022-02-24 18:51:53.968 [main] JwtRequestFilter - Filter 'jwtRequestFilter' configured for use
[INFO ] 2022-02-24 18:51:57.330 [main] Application - Started Application in 10.017 seconds (JVM running for 11.1)
[INFO ] 2022-02-24 18:56:14.503 [main] Application - Starting Application using Java 1.8.0_231 on PPBNOMBPBT-251.local with PID 7881 (/Users/swarnav.das/Documents/Paytm Internship/Training Assignments/4_Milestone2/target/classes started by swarnav.das in /Users/swarnav.das/Documents/Paytm Internship/Training Assignments/4_Milestone2)
[DEBUG] 2022-02-24 18:56:14.519 [main] Application - Running with Spring Boot v2.6.2, Spring v5.3.14
[INFO ] 2022-02-24 18:56:14.520 [main] Application - No active profile set, falling back to default profiles: default
[DEBUG] 2022-02-24 18:56:20.617 [main] JwtRequestFilter - Filter 'jwtRequestFilter' configured for use
[INFO ] 2022-02-24 18:56:24.349 [main] Application - Started Application in 10.343 seconds (JVM running for 11.895)
[INFO ] 2022-02-24 18:58:34.858 [main] Application - Starting Application using Java 1.8.0_231 on PPBNOMBPBT-251.local with PID 7997 (/Users/swarnav.das/Documents/Paytm Internship/Training Assignments/4_Milestone2/target/classes started by swarnav.das in /Users/swarnav.das/Documents/Paytm Internship/Training Assignments/4_Milestone2)
[DEBUG] 2022-02-24 18:58:34.862 [main] Application - Running with Spring Boot v2.6.2, Spring v5.3.14
[INFO ] 2022-02-24 18:58:34.863 [main] Application - No active profile set, falling back to default profiles: default
[DEBUG] 2022-02-24 18:58:41.182 [main] JwtRequestFilter - Filter 'jwtRequestFilter' configured for use
[INFO ] 2022-02-24 18:58:44.584 [main] Application - Started Application in 10.183 seconds (JVM running for 11.364)
[INFO ] 2022-02-24 19:00:44.563 [main] Application - Starting Application using Java 1.8.0_231 on PPBNOMBPBT-251.local with PID 8130 (/Users/swarnav.das/Documents/Paytm Internship/Training Assignments/4_Milestone2/target/classes started by swarnav.das in /Users/swarnav.das/Documents/Paytm Internship/Training Assignments/4_Milestone2)
[DEBUG] 2022-02-24 19:00:44.578 [main] Application - Running with Spring Boot v2.6.2, Spring v5.3.14
[INFO ] 2022-02-24 19:00:44.579 [main] Application - No active profile set, falling back to default profiles: default
[DEBUG] 2022-02-24 19:00:50.668 [main] JwtRequestFilter - Filter 'jwtRequestFilter' configured for use
[INFO ] 2022-02-24 19:00:54.053 [main] Application - Started Application in 9.983 seconds (JVM running for 11.344)
[INFO ] 2022-02-24 19:14:47.371 [main] Application - Starting Application using Java 1.8.0_231 on PPBNOMBPBT-251.local with PID 9046 (/Users/swarnav.das/Documents/Paytm Internship/Training Assignments/4_Milestone2/target/classes started by swarnav.das in /Users/swarnav.das/Documents/Paytm Internship/Training Assignments/4_Milestone2)
[DEBUG] 2022-02-24 19:14:47.376 [main] Application - Running with Spring Boot v2.6.2, Spring v5.3.14
[INFO ] 2022-02-24 19:14:47.376 [main] Application - No active profile set, falling back to default profiles: default
[DEBUG] 2022-02-24 19:14:53.590 [main] JwtRequestFilter - Filter 'jwtRequestFilter' configured for use
[INFO ] 2022-02-24 19:14:56.768 [main] Application - Started Application in 9.848 seconds (JVM running for 11.034)
[INFO ] 2022-02-24 19:26:45.816 [main] Application - Starting Application using Java 1.8.0_231 on PPBNOMBPBT-251.local with PID 9597 (/Users/swarnav.das/Documents/Paytm Internship/Training Assignments/4_Milestone2/target/classes started by swarnav.das in /Users/swarnav.das/Documents/Paytm Internship/Training Assignments/4_Milestone2)
[DEBUG] 2022-02-24 19:26:45.861 [main] Application - Running with Spring Boot v2.6.2, Spring v5.3.14
[INFO ] 2022-02-24 19:26:45.862 [main] Application - No active profile set, falling back to default profiles: default
[DEBUG] 2022-02-24 19:26:52.064 [main] JwtRequestFilter - Filter 'jwtRequestFilter' configured for use
[INFO ] 2022-02-24 19:26:55.178 [main] Application - Started Application in 9.805 seconds (JVM running for 10.993)
[DEBUG] 2022-02-24 19:27:35.758 [http-nio-9010-exec-6] UserService - Sign in complete
[INFO ] 2022-02-24 19:27:35.759 [http-nio-9010-exec-6] UserService - sign in details. Username = Sd099
[DEBUG] 2022-02-24 19:28:58.130 [http-nio-9010-exec-9] UserService - Money added successfully
[INFO ] 2022-02-24 19:28:58.131 [http-nio-9010-exec-9] UserService - Details. username = Sd099 mobile number = 9876543210 new balance = 10000.0
[DEBUG] 2022-02-24 19:29:06.539 [http-nio-9010-exec-10] UserService - Money added successfully
[INFO ] 2022-02-24 19:29:06.539 [http-nio-9010-exec-10] UserService - Details. username = Sd099 mobile number = 9876543210 new balance = 15000.0
[DEBUG] 2022-02-24 19:29:08.364 [http-nio-9010-exec-1] UserService - Money added successfully
[INFO ] 2022-02-24 19:29:08.365 [http-nio-9010-exec-1] UserService - Details. username = Sd099 mobile number = 9876543210 new balance = 20000.0
[INFO ] 2022-02-27 15:21:13.388 [main] UserControllerTest - Starting UserControllerTest using Java 1.8.0_231 on PPBNOMBPBT-251.local with PID 2823 (started by swarnav.das in /Users/swarnav.das/Documents/Paytm Internship/Training Assignments/4_Milestone2)
[DEBUG] 2022-02-27 15:21:13.393 [main] UserControllerTest - Running with Spring Boot v2.6.2, Spring v5.3.14
[INFO ] 2022-02-27 15:21:13.393 [main] UserControllerTest - No active profile set, falling back to default profiles: default
[INFO ] 2022-02-27 15:21:23.510 [main] UserControllerTest - Starting UserControllerTest using Java 1.8.0_231 on PPBNOMBPBT-251.local with PID 2823 (started by swarnav.das in /Users/swarnav.das/Documents/Paytm Internship/Training Assignments/4_Milestone2)
[DEBUG] 2022-02-27 15:21:23.514 [main] UserControllerTest - Running with Spring Boot v2.6.2, Spring v5.3.14
[INFO ] 2022-02-27 15:21:23.516 [main] UserControllerTest - No active profile set, falling back to default profiles: default
[INFO ] 2022-02-27 15:22:33.522 [main] Application - Starting Application using Java 1.8.0_231 on PPBNOMBPBT-251.local with PID 2879 (/Users/swarnav.das/Documents/Paytm Internship/Training Assignments/4_Milestone2/target/classes started by swarnav.das in /Users/swarnav.das/Documents/Paytm Internship/Training Assignments/4_Milestone2)
[DEBUG] 2022-02-27 15:22:33.540 [main] Application - Running with Spring Boot v2.6.2, Spring v5.3.14
[INFO ] 2022-02-27 15:22:33.541 [main] Application - No active profile set, falling back to default profiles: default
[DEBUG] 2022-02-27 15:22:39.517 [main] JwtRequestFilter - Filter 'jwtRequestFilter' configured for use
[INFO ] 2022-02-27 15:22:42.604 [main] Application - Started Application in 9.635 seconds (JVM running for 10.825)
[INFO ] 2022-02-27 15:25:11.270 [main] Application - Starting Application using Java 1.8.0_231 on PPBNOMBPBT-251.local with PID 3095 (/Users/swarnav.das/Documents/Paytm Internship/Training Assignments/4_Milestone2/target/classes started by swarnav.das in /Users/swarnav.das/Documents/Paytm Internship/Training Assignments/4_Milestone2)
[DEBUG] 2022-02-27 15:25:11.274 [main] Application - Running with Spring Boot v2.6.2, Spring v5.3.14
[INFO ] 2022-02-27 15:25:11.275 [main] Application - No active profile set, falling back to default profiles: default
[DEBUG] 2022-02-27 15:25:17.451 [main] JwtRequestFilter - Filter 'jwtRequestFilter' configured for use
[INFO ] 2022-02-27 15:25:21.085 [main] Application - Started Application in 10.324 seconds (JVM running for 11.532)
[INFO ] 2022-02-27 15:26:07.551 [main] Application - Starting Application using Java 1.8.0_231 on PPBNOMBPBT-251.local with PID 3154 (/Users/swarnav.das/Documents/Paytm Internship/Training Assignments/4_Milestone2/target/classes started by swarnav.das in /Users/swarnav.das/Documents/Paytm Internship/Training Assignments/4_Milestone2)
[DEBUG] 2022-02-27 15:26:07.555 [main] Application - Running with Spring Boot v2.6.2, Spring v5.3.14
[INFO ] 2022-02-27 15:26:07.555 [main] Application - No active profile set, falling back to default profiles: default
[DEBUG] 2022-02-27 15:26:13.473 [main] JwtRequestFilter - Filter 'jwtRequestFilter' configured for use
[INFO ] 2022-02-27 15:26:17.026 [main] Application - Started Application in 10.008 seconds (JVM running for 11.247)
[INFO ] 2022-02-27 15:27:10.307 [main] ApplicationTests - Starting ApplicationTests using Java 1.8.0_231 on PPBNOMBPBT-251.local with PID 3218 (started by swarnav.das in /Users/swarnav.das/Documents/Paytm Internship/Training Assignments/4_Milestone2)
[DEBUG] 2022-02-27 15:27:10.317 [main] ApplicationTests - Running with Spring Boot v2.6.2, Spring v5.3.14
[INFO ] 2022-02-27 15:27:10.317 [main] ApplicationTests - No active profile set, falling back to default profiles: default
[INFO ] 2022-02-27 15:27:18.139 [main] ApplicationTests - Started ApplicationTests in 8.293 seconds (JVM running for 10.082)
[INFO ] 2022-02-27 15:27:18.927 [main] UserControllerTest - Starting UserControllerTest using Java 1.8.0_231 on PPBNOMBPBT-251.local with PID 3218 (started by swarnav.das in /Users/swarnav.das/Documents/Paytm Internship/Training Assignments/4_Milestone2)
[DEBUG] 2022-02-27 15:27:18.928 [main] UserControllerTest - Running with Spring Boot v2.6.2, Spring v5.3.14
[INFO ] 2022-02-27 15:27:18.928 [main] UserControllerTest - No active profile set, falling back to default profiles: default
[INFO ] 2022-02-27 15:27:21.740 [main] UserControllerTest - Started UserControllerTest in 2.959 seconds (JVM running for 13.683)
[DEBUG] 2022-02-27 15:27:22.383 [main] UserService - Signup complete
[INFO ] 2022-02-27 15:27:22.384 [main] UserService - signup details. username = Sd099 mobile number = 9876543210
[DEBUG] 2022-02-27 15:27:22.570 [main] UserService - Signup complete
[INFO ] 2022-02-27 15:27:22.571 [main] UserService - signup details. username = Jd099 mobile number = 0123456789
[DEBUG] 2022-02-27 15:27:22.845 [main] UserService - Sign in complete
[INFO ] 2022-02-27 15:27:22.845 [main] UserService - sign in details. Username = Sd099
[DEBUG] 2022-02-27 15:27:23.009 [main] UserService - Sign in complete
[INFO ] 2022-02-27 15:27:23.009 [main] UserService - sign in details. Username = Sd099
[DEBUG] 2022-02-27 15:27:23.120 [main] TransactionService - Wallet not found with the payer mobile number = 9876543210
[DEBUG] 2022-02-27 15:27:23.282 [main] UserService - Sign in complete
[INFO ] 2022-02-27 15:27:23.282 [main] UserService - sign in details. Username = Sd099
[ERROR] 2022-02-27 15:27:23.357 [main] TransactionService - Transaction not found with txnId = 36
[DEBUG] 2022-02-27 15:27:23.515 [main] UserService - Sign in complete
[INFO ] 2022-02-27 15:27:23.515 [main] UserService - sign in details. Username = Sd099
[ERROR] 2022-02-27 15:27:23.564 [main] TransactionService - User not found with userId = 32
[DEBUG] 2022-02-27 15:27:23.710 [main] UserService - Sign in complete
[INFO ] 2022-02-27 15:27:23.710 [main] UserService - sign in details. Username = Sd099
[DEBUG] 2022-02-27 15:27:23.745 [main] UserService - Wallet creation successfull
[INFO ] 2022-02-27 15:27:23.745 [main] UserService - Wallet creation details. Mobile number = 9876543210
[DEBUG] 2022-02-27 15:27:23.924 [main] UserService - Sign in complete
[INFO ] 2022-02-27 15:27:23.924 [main] UserService - sign in details. Username = Jd099
[DEBUG] 2022-02-27 15:27:23.944 [main] UserService - Wallet creation successfull
[INFO ] 2022-02-27 15:27:23.944 [main] UserService - Wallet creation details. Mobile number = 0123456789
[DEBUG] 2022-02-27 15:27:24.054 [main] UserService - Sign in complete
[INFO ] 2022-02-27 15:27:24.054 [main] UserService - sign in details. Username = Sd099
[DEBUG] 2022-02-27 15:27:24.079 [main] UserService - Money added successfully
[INFO ] 2022-02-27 15:27:24.080 [main] UserService - Details. username = Sd099 mobile number = 9876543210 new balance = 5000.0
[INFO ] 2022-02-27 15:27:47.172 [main] Application - Starting Application using Java 1.8.0_231 on PPBNOMBPBT-251.local with PID 3269 (/Users/swarnav.das/Documents/Paytm Internship/Training Assignments/4_Milestone2/target/classes started by swarnav.das in /Users/swarnav.das/Documents/Paytm Internship/Training Assignments/4_Milestone2)
[DEBUG] 2022-02-27 15:27:47.177 [main] Application - Running with Spring Boot v2.6.2, Spring v5.3.14
[INFO ] 2022-02-27 15:27:47.177 [main] Application - No active profile set, falling back to default profiles: default
[DEBUG] 2022-02-27 15:27:53.275 [main] JwtRequestFilter - Filter 'jwtRequestFilter' configured for use
[INFO ] 2022-02-27 15:27:56.873 [main] Application - Started Application in 10.26 seconds (JVM running for 11.603)
[INFO ] 2022-02-27 15:31:49.107 [main] Application - Starting Application using Java 1.8.0_231 on PPBNOMBPBT-251.local with PID 3467 (/Users/swarnav.das/Documents/Paytm Internship/Training Assignments/4_Milestone2/target/classes started by swarnav.das in /Users/swarnav.das/Documents/Paytm Internship/Training Assignments/4_Milestone2)
[DEBUG] 2022-02-27 15:31:49.111 [main] Application - Running with Spring Boot v2.6.2, Spring v5.3.14
[INFO ] 2022-02-27 15:31:49.112 [main] Application - No active profile set, falling back to default profiles: default
[DEBUG] 2022-02-27 15:31:55.388 [main] JwtRequestFilter - Filter 'jwtRequestFilter' configured for use
[INFO ] 2022-02-27 15:31:58.612 [main] Application - Started Application in 10.027 seconds (JVM running for 11.465)
[INFO ] 2022-02-27 15:44:26.174 [main] Application - Starting Application using Java 1.8.0_231 on PPBNOMBPBT-251.local with PID 4138 (/Users/swarnav.das/Documents/Paytm Internship/Training Assignments/4_Milestone2/target/classes started by swarnav.das in /Users/swarnav.das/Documents/Paytm Internship/Training Assignments/4_Milestone2)
[DEBUG] 2022-02-27 15:44:26.190 [main] Application - Running with Spring Boot v2.4.0, Spring v5.3.1
[INFO ] 2022-02-27 15:44:26.198 [main] Application - No active profile set, falling back to default profiles: default
[DEBUG] 2022-02-27 15:44:29.506 [main] JwtRequestFilter - Filter 'jwtRequestFilter' configured for use
[INFO ] 2022-02-27 15:44:35.765 [main] Application - Started Application in 10.12 seconds (JVM running for 11.584)
[INFO ] 2022-02-27 16:04:23.788 [main] Application - Starting Application using Java 1.8.0_231 on PPBNOMBPBT-251.local with PID 5382 (/Users/swarnav.das/Documents/Paytm Internship/Training Assignments/4_Milestone2/target/classes started by swarnav.das in /Users/swarnav.das/Documents/Paytm Internship/Training Assignments/4_Milestone2)
[DEBUG] 2022-02-27 16:04:23.793 [main] Application - Running with Spring Boot v2.6.4, Spring v5.3.16
[INFO ] 2022-02-27 16:04:23.795 [main] Application - No active profile set, falling back to 1 default profile: "default"
[DEBUG] 2022-02-27 16:04:30.403 [main] JwtRequestFilter - Filter 'jwtRequestFilter' configured for use
[INFO ] 2022-02-27 16:04:33.750 [main] Application - Started Application in 10.417 seconds (JVM running for 12.038)
[DEBUG] 2022-02-27 16:05:05.176 [http-nio-9010-exec-9] UserService - Signup complete
[INFO ] 2022-02-27 16:05:05.177 [http-nio-9010-exec-9] UserService - signup details. username = Sd099 mobile number = 9876543210
[DEBUG] 2022-02-27 16:05:09.914 [http-nio-9010-exec-6] UserService - Sign in complete
[INFO ] 2022-02-27 16:05:09.914 [http-nio-9010-exec-6] UserService - sign in details. Username = Sd099
[DEBUG] 2022-02-27 16:05:42.370 [http-nio-9010-exec-8] UserService - Wallet creation successfull
[INFO ] 2022-02-27 16:05:42.370 [http-nio-9010-exec-8] UserService - Wallet creation details. Mobile number = 9876543210
[DEBUG] 2022-02-27 16:05:50.034 [http-nio-9010-exec-2] UserService - Money added successfully
[INFO ] 2022-02-27 16:05:50.035 [http-nio-9010-exec-2] UserService - Details. username = Sd099 mobile number = 9876543210 new balance = 5000.0
[INFO ] 2022-02-27 16:08:35.281 [main] UserControllerTest - Starting UserControllerTest using Java 1.8.0_231 on PPBNOMBPBT-251.local with PID 5582 (started by swarnav.das in /Users/swarnav.das/Documents/Paytm Internship/Training Assignments/4_Milestone2)
[DEBUG] 2022-02-27 16:08:35.298 [main] UserControllerTest - Running with Spring Boot v2.6.4, Spring v5.3.16
[INFO ] 2022-02-27 16:08:35.300 [main] UserControllerTest - No active profile set, falling back to 1 default profile: "default"
[INFO ] 2022-02-27 16:11:11.719 [main] UserControllerTest - Starting UserControllerTest using Java 1.8.0_231 on PPBNOMBPBT-251.local with PID 5693 (started by swarnav.das in /Users/swarnav.das/Documents/Paytm Internship/Training Assignments/4_Milestone2)
[DEBUG] 2022-02-27 16:11:11.725 [main] UserControllerTest - Running with Spring Boot v2.6.4, Spring v5.3.16
[INFO ] 2022-02-27 16:11:11.729 [main] UserControllerTest - No active profile set, falling back to 1 default profile: "default"
[DEBUG] 2022-02-27 16:13:52.252 [main] UserService - Money added successfully
[INFO ] 2022-02-27 16:13:52.252 [main] UserService - Details. username = Sd099 mobile number = 9876543210 new balance = 5200.0
[DEBUG] 2022-02-27 16:13:52.314 [main] UserService - Wallet creation successfull
[INFO ] 2022-02-27 16:13:52.314 [main] UserService - Wallet creation details. Mobile number = 9876543210
[DEBUG] 2022-02-27 16:17:51.914 [main] TransactionService - Transaction found with txnId = 24
[DEBUG] 2022-02-27 16:17:51.975 [main] TransactionService - Transaction successfull
[INFO ] 2022-02-27 16:17:51.975 [main] TransactionService - Details. Payer mobile number = 9876543210 payee mobile number = 0123456789 amount = 200.0
[DEBUG] 2022-02-27 16:17:51.999 [main] TransactionService - Transaction found with userId = 1
[INFO ] 2022-02-27 16:18:06.683 [main] UserControllerTest - Starting UserControllerTest using Java 1.8.0_231 on PPBNOMBPBT-251.local with PID 6047 (started by swarnav.das in /Users/swarnav.das/Documents/Paytm Internship/Training Assignments/4_Milestone2)
[DEBUG] 2022-02-27 16:18:06.689 [main] UserControllerTest - Running with Spring Boot v2.6.4, Spring v5.3.16
[INFO ] 2022-02-27 16:18:06.691 [main] UserControllerTest - No active profile set, falling back to 1 default profile: "default"
[INFO ] 2022-02-27 16:20:22.739 [main] UserControllerTest - Starting UserControllerTest using Java 1.8.0_231 on PPBNOMBPBT-251.local with PID 6161 (started by swarnav.das in /Users/swarnav.das/Documents/Paytm Internship/Training Assignments/4_Milestone2)
[DEBUG] 2022-02-27 16:20:22.746 [main] UserControllerTest - Running with Spring Boot v2.6.4, Spring v5.3.16
[INFO ] 2022-02-27 16:20:22.748 [main] UserControllerTest - No active profile set, falling back to 1 default profile: "default"
[INFO ] 2022-02-27 16:20:32.805 [main] UserControllerTest - Starting UserControllerTest using Java 1.8.0_231 on PPBNOMBPBT-251.local with PID 6161 (started by swarnav.das in /Users/swarnav.das/Documents/Paytm Internship/Training Assignments/4_Milestone2)
[DEBUG] 2022-02-27 16:20:32.807 [main] UserControllerTest - Running with Spring Boot v2.6.4, Spring v5.3.16
[INFO ] 2022-02-27 16:20:32.809 [main] UserControllerTest - No active profile set, falling back to 1 default profile: "default"
[INFO ] 2022-02-27 16:21:17.862 [main] UserControllerTest - Starting UserControllerTest using Java 1.8.0_231 on PPBNOMBPBT-251.local with PID 6200 (started by swarnav.das in /Users/swarnav.das/Documents/Paytm Internship/Training Assignments/4_Milestone2)
[DEBUG] 2022-02-27 16:21:17.867 [main] UserControllerTest - Running with Spring Boot v2.6.4, Spring v5.3.16
[INFO ] 2022-02-27 16:21:17.869 [main] UserControllerTest - No active profile set, falling back to 1 default profile: "default"
[INFO ] 2022-02-27 16:23:13.537 [main] UserControllerTest - Starting UserControllerTest using Java 1.8.0_231 on PPBNOMBPBT-251.local with PID 6290 (started by swarnav.das in /Users/swarnav.das/Documents/Paytm Internship/Training Assignments/4_Milestone2)
[DEBUG] 2022-02-27 16:23:13.543 [main] UserControllerTest - Running with Spring Boot v2.6.4, Spring v5.3.16
[INFO ] 2022-02-27 16:23:13.545 [main] UserControllerTest - No active profile set, falling back to 1 default profile: "default"
[INFO ] 2022-02-27 16:39:22.319 [main] UserControllerTest - Starting UserControllerTest using Java 1.8.0_231 on PPBNOMBPBT-251.local with PID 7003 (started by swarnav.das in /Users/swarnav.das/Documents/Paytm Internship/Training Assignments/4_Milestone2)
[DEBUG] 2022-02-27 16:39:22.325 [main] UserControllerTest - Running with Spring Boot v2.6.4, Spring v5.3.16
[INFO ] 2022-02-27 16:39:22.327 [main] UserControllerTest - No active profile set, falling back to 1 default profile: "default"
[INFO ] 2022-02-27 18:13:02.357 [main] Application - Starting Application using Java 1.8.0_231 on PPBNOMBPBT-251.local with PID 11258 (/Users/swarnav.das/Documents/Paytm Internship/Training Assignments/4_Milestone2/target/classes started by swarnav.das in /Users/swarnav.das/Documents/Paytm Internship/Training Assignments/4_Milestone2)
[DEBUG] 2022-02-27 18:13:02.363 [main] Application - Running with Spring Boot v2.6.4, Spring v5.3.16
[INFO ] 2022-02-27 18:13:02.365 [main] Application - No active profile set, falling back to 1 default profile: "default"
[DEBUG] 2022-02-27 18:13:08.861 [main] JwtRequestFilter - Filter 'jwtRequestFilter' configured for use
[INFO ] 2022-02-27 18:13:12.119 [main] Application - Started Application in 10.276 seconds (JVM running for 11.691)
[INFO ] 2022-02-27 18:55:20.101 [main] Application - Starting Application using Java 1.8.0_231 on PPBNOMBPBT-251.local with PID 13203 (/Users/swarnav.das/Documents/Paytm Internship/Training Assignments/4_Milestone2/target/classes started by swarnav.das in /Users/swarnav.das/Documents/Paytm Internship/Training Assignments/4_Milestone2)
[DEBUG] 2022-02-27 18:55:20.115 [main] Application - Running with Spring Boot v2.6.4, Spring v5.3.16
[INFO ] 2022-02-27 18:55:20.118 [main] Application - No active profile set, falling back to 1 default profile: "default"
[DEBUG] 2022-02-27 18:55:26.336 [main] JwtRequestFilter - Filter 'jwtRequestFilter' configured for use
[INFO ] 2022-02-27 18:55:29.602 [main] Application - Started Application in 9.966 seconds (JVM running for 11.121)
[INFO ] 2022-02-27 19:51:06.495 [main] Application - Starting Application using Java 1.8.0_231 on PPBNOMBPBT-251.local with PID 15751 (/Users/swarnav.das/Documents/Paytm Internship/Training Assignments/4_Milestone2/target/classes started by swarnav.das in /Users/swarnav.das/Documents/Paytm Internship/Training Assignments/4_Milestone2)
[DEBUG] 2022-02-27 19:51:06.543 [main] Application - Running with Spring Boot v2.6.4, Spring v5.3.16
[INFO ] 2022-02-27 19:51:06.547 [main] Application - No active profile set, falling back to 1 default profile: "default"
[INFO ] 2022-02-27 19:55:37.131 [main] Application - Starting Application using Java 1.8.0_231 on PPBNOMBPBT-251.local with PID 15941 (/Users/swarnav.das/Documents/Paytm Internship/Training Assignments/4_Milestone2/target/classes started by swarnav.das in /Users/swarnav.das/Documents/Paytm Internship/Training Assignments/4_Milestone2)
[DEBUG] 2022-02-27 19:55:37.139 [main] Application - Running with Spring Boot v2.6.4, Spring v5.3.16
[INFO ] 2022-02-27 19:55:37.171 [main] Application - No active profile set, falling back to 1 default profile: "default"
[DEBUG] 2022-02-27 19:55:43.485 [main] JwtRequestFilter - Filter 'jwtRequestFilter' configured for use
[INFO ] 2022-02-27 19:55:46.666 [main] Application - Started Application in 10.01 seconds (JVM running for 11.43)
[INFO ] 2022-02-27 20:13:28.063 [main] Application - Starting Application using Java 1.8.0_231 on PPBNOMBPBT-251.local with PID 16855 (/Users/swarnav.das/Documents/Paytm Internship/Training Assignments/4_Milestone2/target/classes started by swarnav.das in /Users/swarnav.das/Documents/Paytm Internship/Training Assignments/4_Milestone2)
[DEBUG] 2022-02-27 20:13:28.115 [main] Application - Running with Spring Boot v2.6.4, Spring v5.3.16
[INFO ] 2022-02-27 20:13:28.118 [main] Application - No active profile set, falling back to 1 default profile: "default"
[DEBUG] 2022-02-27 20:13:34.139 [main] JwtRequestFilter - Filter 'jwtRequestFilter' configured for use
[INFO ] 2022-02-27 20:13:37.434 [main] Application - Started Application in 9.885 seconds (JVM running for 11.063)
[INFO ] 2022-02-27 23:03:46.087 [main] Application - Starting Application using Java 1.8.0_231 on PPBNOMBPBT-251.local with PID 25132 (/Users/swarnav.das/Documents/Paytm Internship/Training Assignments/4_Milestone2/target/classes started by swarnav.das in /Users/swarnav.das/Documents/Paytm Internship/Training Assignments/4_Milestone2)
[DEBUG] 2022-02-27 23:03:46.135 [main] Application - Running with Spring Boot v2.6.4, Spring v5.3.16
[INFO ] 2022-02-27 23:03:46.138 [main] Application - No active profile set, falling back to 1 default profile: "default"
[DEBUG] 2022-02-27 23:03:52.358 [main] JwtRequestFilter - Filter 'jwtRequestFilter' configured for use
[INFO ] 2022-02-27 23:03:55.795 [main] Application - Started Application in 10.168 seconds (JVM running for 11.58)
[DEBUG] 2022-02-27 23:05:57.692 [http-nio-9010-exec-2] UserService - Signup complete
[INFO ] 2022-02-27 23:05:57.693 [http-nio-9010-exec-2] UserService - signup details. username = Ss099 mobile number = 5432109876
